\BOOKMARK [0][-]{chapter*.5}{\376\377\000A\000b\000s\000t\000r\000a\000c\000t}{}% 1
\BOOKMARK [0][-]{chapter*.6}{\376\377\000G\000e\000n\000e\000r\000a\000l\000\040\000I\000n\000t\000r\000o\000d\000u\000c\000t\000i\000o\000n}{}% 2
\BOOKMARK [0][-]{chapter.1}{\376\377\000C\000o\000m\000p\000a\000n\000y\000\040\000C\000o\000n\000t\000e\000x\000t\000\040\000a\000n\000d\000\040\000O\000b\000j\000e\000c\000t\000i\000v\000e\000s}{}% 3
\BOOKMARK [1][-]{section.1.1}{\376\377\000H\000o\000s\000t\000\040\000C\000o\000m\000p\000a\000n\000y\000\040\000O\000v\000e\000r\000v\000i\000e\000w}{chapter.1}% 4
\BOOKMARK [1][-]{section.1.2}{\376\377\000I\000n\000t\000e\000r\000n\000s\000h\000i\000p\000\040\000C\000o\000n\000t\000e\000x\000t\000\040\000a\000n\000d\000\040\000P\000r\000o\000b\000l\000e\000m\000\040\000S\000t\000a\000t\000e\000m\000e\000n\000t}{chapter.1}% 5
\BOOKMARK [1][-]{section.1.3}{\376\377\000O\000b\000j\000e\000c\000t\000i\000v\000e\000s}{chapter.1}% 6
\BOOKMARK [1][-]{section.1.4}{\376\377\000P\000r\000o\000j\000e\000c\000t\000\040\000P\000l\000a\000n\000\040\000\050\000G\000a\000n\000t\000t\000\051}{chapter.1}% 7
\BOOKMARK [0][-]{chapter.2}{\376\377\000S\000y\000s\000t\000e\000m\000\040\000O\000v\000e\000r\000v\000i\000e\000w\000\040\000a\000n\000d\000\040\000R\000e\000q\000u\000i\000r\000e\000m\000e\000n\000t\000s}{}% 8
\BOOKMARK [1][-]{section.2.1}{\376\377\000F\000u\000n\000c\000t\000i\000o\000n\000a\000l\000\040\000R\000e\000q\000u\000i\000r\000e\000m\000e\000n\000t\000s}{chapter.2}% 9
\BOOKMARK [1][-]{section.2.2}{\376\377\000N\000o\000n\000-\000F\000u\000n\000c\000t\000i\000o\000n\000a\000l\000\040\000R\000e\000q\000u\000i\000r\000e\000m\000e\000n\000t\000s}{chapter.2}% 10
\BOOKMARK [0][-]{chapter.3}{\376\377\000B\000a\000c\000k\000g\000r\000o\000u\000n\000d\000\040\000a\000n\000d\000\040\000R\000e\000l\000a\000t\000e\000d\000\040\000W\000o\000r\000k}{}% 11
\BOOKMARK [1][-]{section.3.1}{\376\377\000P\000o\000s\000i\000t\000i\000o\000n\000i\000n\000g\000\040\000o\000f\000\040\000T\000h\000i\000s\000\040\000W\000o\000r\000k}{chapter.3}% 12
\BOOKMARK [0][-]{chapter.4}{\376\377\000M\000e\000t\000h\000o\000d\000o\000l\000o\000g\000y}{}% 13
\BOOKMARK [1][-]{section.4.1}{\376\377\000P\000r\000o\000c\000e\000s\000s\000\040\000M\000o\000d\000e\000l}{chapter.4}% 14
\BOOKMARK [1][-]{section.4.2}{\376\377\000T\000o\000o\000l\000s\000\040\000a\000n\000d\000\040\000P\000r\000a\000c\000t\000i\000c\000e\000s}{chapter.4}% 15
\BOOKMARK [1][-]{section.4.3}{\376\377\000W\000e\000e\000k\000\040\0001\000:\000\040\000T\000e\000c\000h\000n\000o\000l\000o\000g\000y\000\040\000S\000u\000r\000v\000e\000y\000\040\000a\000n\000d\000\040\000S\000e\000l\000e\000c\000t\000i\000o\000n}{chapter.4}% 16
\BOOKMARK [0][-]{chapter.5}{\376\377\000R\000e\000q\000u\000i\000r\000e\000m\000e\000n\000t\000s\000\040\000E\000n\000g\000i\000n\000e\000e\000r\000i\000n\000g}{}% 17
\BOOKMARK [1][-]{section.5.1}{\376\377\000E\000l\000i\000c\000i\000t\000a\000t\000i\000o\000n\000\040\000a\000n\000d\000\040\000A\000n\000a\000l\000y\000s\000i\000s}{chapter.5}% 18
\BOOKMARK [1][-]{section.5.2}{\376\377\000T\000r\000a\000c\000e\000a\000b\000i\000l\000i\000t\000y}{chapter.5}% 19
\BOOKMARK [0][-]{chapter.6}{\376\377\000A\000r\000c\000h\000i\000t\000e\000c\000t\000u\000r\000e}{}% 20
\BOOKMARK [1][-]{section.6.1}{\376\377\000L\000o\000g\000i\000c\000a\000l\000\040\000A\000r\000c\000h\000i\000t\000e\000c\000t\000u\000r\000e}{chapter.6}% 21
\BOOKMARK [1][-]{section.6.2}{\376\377\000C\000o\000m\000p\000o\000n\000e\000n\000t\000\040\000R\000e\000s\000p\000o\000n\000s\000i\000b\000i\000l\000i\000t\000i\000e\000s}{chapter.6}% 22
\BOOKMARK [1][-]{section.6.3}{\376\377\000D\000e\000s\000i\000g\000n\000\040\000R\000a\000t\000i\000o\000n\000a\000l\000e}{chapter.6}% 23
\BOOKMARK [1][-]{section.6.4}{\376\377\000S\000e\000q\000u\000e\000n\000c\000e\000\040\000o\000f\000\040\000I\000n\000t\000e\000r\000a\000c\000t\000i\000o\000n\000s}{chapter.6}% 24
\BOOKMARK [1][-]{section.6.5}{\376\377\000D\000e\000p\000l\000o\000y\000m\000e\000n\000t\000\040\000T\000o\000p\000o\000l\000o\000g\000y}{chapter.6}% 25
\BOOKMARK [1][-]{section.6.6}{\376\377\000E\000n\000d\000-\000t\000o\000-\000E\000n\000d\000\040\000D\000a\000t\000a\000\040\000F\000l\000o\000w}{chapter.6}% 26
\BOOKMARK [1][-]{section.6.7}{\376\377\000I\000n\000t\000e\000g\000r\000a\000t\000i\000o\000n\000\040\000P\000o\000i\000n\000t\000s\000\040\000a\000n\000d\000\040\000I\000n\000t\000e\000r\000f\000a\000c\000e\000s}{chapter.6}% 27
\BOOKMARK [1][-]{section.6.8}{\376\377\000S\000t\000r\000e\000n\000g\000t\000h\000s\000\040\000a\000n\000d\000\040\000L\000i\000m\000i\000t\000a\000t\000i\000o\000n\000s}{chapter.6}% 28
\BOOKMARK [1][-]{section.6.9}{\376\377\000S\000c\000a\000l\000a\000b\000i\000l\000i\000t\000y\000\040\000C\000o\000n\000s\000i\000d\000e\000r\000a\000t\000i\000o\000n\000s}{chapter.6}% 29
\BOOKMARK [1][-]{section.6.10}{\376\377\000T\000e\000c\000h\000n\000o\000l\000o\000g\000y\000\040\000S\000t\000a\000c\000k\000\040\000D\000e\000t\000a\000i\000l\000s}{chapter.6}% 30
\BOOKMARK [2][-]{subsection.6.10.1}{\376\377\000R\000u\000n\000t\000i\000m\000e\000\040\000a\000n\000d\000\040\000F\000r\000a\000m\000e\000w\000o\000r\000k\000s}{section.6.10}% 31
\BOOKMARK [2][-]{subsection.6.10.2}{\376\377\000M\000e\000s\000s\000a\000g\000i\000n\000g\000\040\000a\000n\000d\000\040\000S\000t\000o\000r\000a\000g\000e}{section.6.10}% 32
\BOOKMARK [2][-]{subsection.6.10.3}{\376\377\000C\000o\000n\000f\000i\000g\000u\000r\000a\000t\000i\000o\000n\000\040\000S\000u\000m\000m\000a\000r\000y}{section.6.10}% 33
\BOOKMARK [1][-]{section.6.11}{\376\377\000L\000o\000g\000\040\000E\000v\000e\000n\000t\000\040\000S\000c\000h\000e\000m\000a\000\040\000a\000n\000d\000\040\000E\000n\000r\000i\000c\000h\000m\000e\000n\000t}{chapter.6}% 34
\BOOKMARK [2][-]{subsection.6.11.1}{\376\377\000P\000r\000o\000d\000u\000c\000e\000r\000-\000s\000i\000d\000e\000\040\000J\000S\000O\000N}{section.6.11}% 35
\BOOKMARK [2][-]{subsection.6.11.2}{\376\377\000C\000o\000n\000s\000u\000m\000e\000r\000\040\000D\000T\000O\000\040\000M\000a\000p\000p\000i\000n\000g}{section.6.11}% 36
\BOOKMARK [2][-]{subsection.6.11.3}{\376\377\000M\000D\000C\000\040\000E\000n\000r\000i\000c\000h\000m\000e\000n\000t\000\040\000a\000n\000d\000\040\000R\000o\000u\000t\000i\000n\000g}{section.6.11}% 37
\BOOKMARK [1][-]{section.6.12}{\376\377\000C\000o\000n\000f\000i\000g\000u\000r\000a\000t\000i\000o\000n\000\040\000M\000a\000t\000r\000i\000x}{chapter.6}% 38
\BOOKMARK [0][-]{chapter.7}{\376\377\000I\000m\000p\000l\000e\000m\000e\000n\000t\000a\000t\000i\000o\000n}{}% 39
\BOOKMARK [1][-]{section.7.1}{\376\377\000S\000e\000r\000v\000i\000c\000e\000\040\000E\000n\000d\000p\000o\000i\000n\000t\000s\000\040\000a\000n\000d\000\040\000L\000o\000g\000\040\000P\000u\000b\000l\000i\000s\000h\000i\000n\000g}{chapter.7}% 40
\BOOKMARK [1][-]{section.7.2}{\376\377\000K\000a\000f\000k\000a\000\040\000C\000o\000n\000s\000u\000m\000e\000r\000\040\000a\000n\000d\000\040\000G\000E\000L\000F\000\040\000F\000o\000r\000w\000a\000r\000d\000e\000r}{chapter.7}% 41
\BOOKMARK [1][-]{section.7.3}{\376\377\000G\000r\000a\000y\000l\000o\000g\000\040\000A\000u\000t\000o\000m\000a\000t\000i\000o\000n}{chapter.7}% 42
\BOOKMARK [0][-]{chapter.8}{\376\377\000C\000o\000n\000f\000i\000g\000u\000r\000a\000t\000i\000o\000n\000\040\000a\000n\000d\000\040\000D\000e\000p\000l\000o\000y\000m\000e\000n\000t}{}% 43
\BOOKMARK [1][-]{section.8.1}{\376\377\000D\000o\000c\000k\000e\000r\000\040\000C\000o\000m\000p\000o\000s\000e}{chapter.8}% 44
\BOOKMARK [1][-]{section.8.2}{\376\377\000L\000o\000g\000g\000i\000n\000g\000\040\000C\000o\000n\000f\000i\000g\000u\000r\000a\000t\000i\000o\000n}{chapter.8}% 45
\BOOKMARK [1][-]{section.8.3}{\376\377\000R\000u\000n\000n\000i\000n\000g\000\040\000L\000o\000c\000a\000l\000l\000y}{chapter.8}% 46
\BOOKMARK [0][-]{chapter.9}{\376\377\000T\000e\000s\000t\000i\000n\000g\000\040\000S\000t\000r\000a\000t\000e\000g\000y\000\040\000a\000n\000d\000\040\000V\000a\000l\000i\000d\000a\000t\000i\000o\000n}{}% 47
\BOOKMARK [1][-]{section.9.1}{\376\377\000T\000e\000s\000t\000\040\000P\000l\000a\000n}{chapter.9}% 48
\BOOKMARK [1][-]{section.9.2}{\376\377\000E\000x\000a\000m\000p\000l\000e\000\040\000T\000e\000s\000t\000\040\000C\000a\000s\000e\000s}{chapter.9}% 49
\BOOKMARK [1][-]{section.9.3}{\376\377\000V\000a\000l\000i\000d\000a\000t\000i\000o\000n\000\040\000M\000e\000t\000r\000i\000c\000s}{chapter.9}% 50
\BOOKMARK [0][-]{chapter.10}{\376\377\000M\000o\000n\000i\000t\000o\000r\000i\000n\000g\000\040\000a\000n\000d\000\040\000A\000l\000e\000r\000t\000i\000n\000g}{}% 51
\BOOKMARK [0][-]{chapter.11}{\376\377\000D\000e\000v\000O\000p\000s\000\040\000a\000n\000d\000\040\000C\000I\000/\000C\000D}{}% 52
\BOOKMARK [1][-]{section.11.1}{\376\377\000B\000r\000a\000n\000c\000h\000i\000n\000g\000\040\000a\000n\000d\000\040\000E\000n\000v\000i\000r\000o\000n\000m\000e\000n\000t\000s}{chapter.11}% 53
\BOOKMARK [1][-]{section.11.2}{\376\377\000B\000u\000i\000l\000d\000\040\000a\000n\000d\000\040\000T\000e\000s\000t\000\040\000P\000i\000p\000e\000l\000i\000n\000e}{chapter.11}% 54
\BOOKMARK [1][-]{section.11.3}{\376\377\000I\000n\000f\000r\000a\000s\000t\000r\000u\000c\000t\000u\000r\000e\000\040\000a\000s\000\040\000C\000o\000d\000e}{chapter.11}% 55
\BOOKMARK [0][-]{chapter.12}{\376\377\000D\000a\000t\000a\000\040\000M\000a\000n\000a\000g\000e\000m\000e\000n\000t\000\040\000a\000n\000d\000\040\000R\000e\000t\000e\000n\000t\000i\000o\000n}{}% 56
\BOOKMARK [1][-]{section.12.1}{\376\377\000I\000n\000d\000e\000x\000\040\000L\000i\000f\000e\000c\000y\000c\000l\000e\000\040\000a\000n\000d\000\040\000R\000e\000t\000e\000n\000t\000i\000o\000n\000\040\000P\000o\000l\000i\000c\000i\000e\000s}{chapter.12}% 57
\BOOKMARK [1][-]{section.12.2}{\376\377\000F\000i\000e\000l\000d\000\040\000M\000a\000p\000p\000i\000n\000g\000\040\000a\000n\000d\000\040\000S\000t\000o\000r\000a\000g\000e\000\040\000E\000f\000f\000i\000c\000i\000e\000n\000c\000y}{chapter.12}% 58
\BOOKMARK [1][-]{section.12.3}{\376\377\000B\000a\000c\000k\000u\000p\000\040\000a\000n\000d\000\040\000R\000e\000s\000t\000o\000r\000e}{chapter.12}% 59
\BOOKMARK [0][-]{chapter.13}{\376\377\000S\000L\000O\000s\000,\000\040\000S\000L\000I\000s\000,\000\040\000a\000n\000d\000\040\000A\000l\000e\000r\000t\000\040\000S\000t\000r\000a\000t\000e\000g\000y}{}% 60
\BOOKMARK [1][-]{section.13.1}{\376\377\000S\000e\000r\000v\000i\000c\000e\000\040\000L\000e\000v\000e\000l\000\040\000I\000n\000d\000i\000c\000a\000t\000o\000r\000s}{chapter.13}% 61
\BOOKMARK [1][-]{section.13.2}{\376\377\000S\000e\000r\000v\000i\000c\000e\000\040\000L\000e\000v\000e\000l\000\040\000O\000b\000j\000e\000c\000t\000i\000v\000e\000s}{chapter.13}% 62
\BOOKMARK [0][-]{chapter.14}{\376\377\000R\000i\000s\000k\000\040\000M\000a\000n\000a\000g\000e\000m\000e\000n\000t}{}% 63
\BOOKMARK [0][-]{chapter.15}{\376\377\000C\000a\000p\000a\000c\000i\000t\000y\000\040\000a\000n\000d\000\040\000C\000o\000s\000t\000\040\000P\000l\000a\000n\000n\000i\000n\000g}{}% 64
\BOOKMARK [0][-]{chapter.16}{\376\377\000I\000n\000c\000i\000d\000e\000n\000t\000\040\000R\000e\000s\000p\000o\000n\000s\000e\000\040\000a\000n\000d\000\040\000R\000u\000n\000b\000o\000o\000k\000s}{}% 65
\BOOKMARK [1][-]{section.16.1}{\376\377\000O\000p\000e\000r\000a\000t\000i\000o\000n\000a\000l\000\040\000R\000u\000n\000b\000o\000o\000k\000s}{chapter.16}% 66
\BOOKMARK [0][-]{chapter.17}{\376\377\000M\000u\000l\000t\000i\000-\000E\000n\000v\000i\000r\000o\000n\000m\000e\000n\000t\000\040\000C\000o\000n\000f\000i\000g\000u\000r\000a\000t\000i\000o\000n}{}% 67
\BOOKMARK [0][-]{chapter.18}{\376\377\000B\000i\000l\000l\000\040\000o\000f\000\040\000M\000a\000t\000e\000r\000i\000a\000l\000s\000\040\000\050\000B\000o\000M\000\051}{}% 68
\BOOKMARK [0][-]{chapter.19}{\376\377\000E\000t\000h\000i\000c\000a\000l\000\040\000a\000n\000d\000\040\000L\000e\000g\000a\000l\000\040\000C\000o\000n\000s\000i\000d\000e\000r\000a\000t\000i\000o\000n\000s}{}% 69
\BOOKMARK [0][-]{chapter.20}{\376\377\000S\000e\000c\000u\000r\000i\000t\000y\000\040\000a\000n\000d\000\040\000C\000o\000m\000p\000l\000i\000a\000n\000c\000e}{}% 70
\BOOKMARK [0][-]{chapter.21}{\376\377\000P\000e\000r\000f\000o\000r\000m\000a\000n\000c\000e\000\040\000a\000n\000d\000\040\000S\000c\000a\000l\000a\000b\000i\000l\000i\000t\000y}{}% 71
\BOOKMARK [1][-]{section.21.1}{\376\377\000T\000h\000r\000o\000u\000g\000h\000p\000u\000t\000\040\000E\000s\000t\000i\000m\000a\000t\000i\000o\000n}{chapter.21}% 72
\BOOKMARK [1][-]{section.21.2}{\376\377\000P\000a\000r\000t\000i\000t\000i\000o\000n\000i\000n\000g\000\040\000S\000t\000r\000a\000t\000e\000g\000y}{chapter.21}% 73
\BOOKMARK [0][-]{chapter.22}{\376\377\000T\000e\000s\000t\000i\000n\000g\000\040\000a\000n\000d\000\040\000V\000a\000l\000i\000d\000a\000t\000i\000o\000n}{}% 74
\BOOKMARK [1][-]{section.22.1}{\376\377\000T\000h\000r\000e\000a\000t\000s\000\040\000t\000o\000\040\000V\000a\000l\000i\000d\000i\000t\000y}{chapter.22}% 75
\BOOKMARK [0][-]{chapter.23}{\376\377\000T\000r\000o\000u\000b\000l\000e\000s\000h\000o\000o\000t\000i\000n\000g\000\040\000a\000n\000d\000\040\000O\000p\000e\000r\000a\000t\000i\000o\000n\000s}{}% 76
\BOOKMARK [0][-]{chapter.24}{\376\377\000R\000e\000s\000u\000l\000t\000s\000\040\000a\000n\000d\000\040\000D\000i\000s\000c\000u\000s\000s\000i\000o\000n}{}% 77
\BOOKMARK [0][-]{chapter.25}{\376\377\000P\000r\000o\000j\000e\000c\000t\000\040\000M\000a\000n\000a\000g\000e\000m\000e\000n\000t}{}% 78
\BOOKMARK [1][-]{section.25.1}{\376\377\000O\000r\000g\000a\000n\000i\000z\000a\000t\000i\000o\000n\000\040\000a\000n\000d\000\040\000R\000o\000l\000e\000s}{chapter.25}% 79
\BOOKMARK [1][-]{section.25.2}{\376\377\000S\000c\000h\000e\000d\000u\000l\000e\000\040\000T\000r\000a\000c\000k\000i\000n\000g}{chapter.25}% 80
\BOOKMARK [1][-]{section.25.3}{\376\377\000C\000o\000m\000m\000u\000n\000i\000c\000a\000t\000i\000o\000n}{chapter.25}% 81
\BOOKMARK [0][-]{chapter.26}{\376\377\000B\000u\000d\000g\000e\000t\000\040\000a\000n\000d\000\040\000R\000e\000s\000o\000u\000r\000c\000e\000\040\000E\000s\000t\000i\000m\000a\000t\000e}{}% 82
\BOOKMARK [0][-]{chapter.27}{\376\377\000K\000n\000o\000w\000l\000e\000d\000g\000e\000\040\000T\000r\000a\000n\000s\000f\000e\000r\000\040\000a\000n\000d\000\040\000M\000a\000i\000n\000t\000a\000i\000n\000a\000b\000i\000l\000i\000t\000y}{}% 83
\BOOKMARK [1][-]{section.27.1}{\376\377\000D\000o\000c\000u\000m\000e\000n\000t\000a\000t\000i\000o\000n}{chapter.27}% 84
\BOOKMARK [1][-]{section.27.2}{\376\377\000H\000a\000n\000d\000o\000v\000e\000r}{chapter.27}% 85
\BOOKMARK [0][-]{chapter.28}{\376\377\000E\000v\000a\000l\000u\000a\000t\000i\000o\000n\000\040\000a\000n\000d\000\040\000A\000c\000a\000d\000e\000m\000i\000c\000\040\000C\000r\000i\000t\000e\000r\000i\000a}{}% 86
\BOOKMARK [0][-]{chapter*.20}{\376\377\000G\000e\000n\000e\000r\000a\000l\000\040\000C\000o\000n\000c\000l\000u\000s\000i\000o\000n}{}% 87
\BOOKMARK [0][-]{chapter*.21}{\376\377\000F\000u\000t\000u\000r\000e\000\040\000W\000o\000r\000k}{}% 88
\BOOKMARK [0][-]{chapter*.22}{\376\377\000G\000l\000o\000s\000s\000a\000r\000y\000\040\000a\000n\000d\000\040\000A\000c\000r\000o\000n\000y\000m\000s}{}% 89
\BOOKMARK [0][-]{appendix.A}{\376\377\000A\000p\000p\000e\000n\000d\000i\000x\000\040\000A\000:\000\040\000d\000o\000c\000k\000e\000r\000-\000c\000o\000m\000p\000o\000s\000e\000.\000y\000m\000l}{}% 90
\BOOKMARK [0][-]{appendix.B}{\376\377\000A\000p\000p\000e\000n\000d\000i\000x\000\040\000B\000:\000\040\000g\000r\000a\000y\000l\000o\000g\000-\000i\000n\000i\000t\000.\000s\000h}{}% 91
\BOOKMARK [0][-]{appendix.C}{\376\377\000A\000p\000p\000e\000n\000d\000i\000x\000\040\000C\000:\000\040\000s\000e\000r\000v\000i\000c\000e\0001\000\040\000L\000o\000g\000C\000o\000n\000t\000r\000o\000l\000l\000e\000r\000.\000j\000a\000v\000a}{}% 92
\BOOKMARK [0][-]{appendix.D}{\376\377\000A\000p\000p\000e\000n\000d\000i\000x\000\040\000D\000:\000\040\000l\000o\000g\000-\000s\000e\000r\000v\000i\000c\000e\000\040\000L\000o\000g\000C\000o\000n\000s\000u\000m\000e\000r\000.\000j\000a\000v\000a}{}% 93
\BOOKMARK [0][-]{appendix.E}{\376\377\000A\000p\000p\000e\000n\000d\000i\000x\000\040\000E\000:\000\040\000l\000o\000g\000b\000a\000c\000k\000-\000s\000p\000r\000i\000n\000g\000.\000x\000m\000l\000\040\000\050\000l\000o\000g\000-\000s\000e\000r\000v\000i\000c\000e\000\051}{}% 94
\BOOKMARK [0][-]{appendix.F}{\376\377\000A\000p\000p\000e\000n\000d\000i\000x\000\040\000F\000:\000\040\000s\000e\000r\000v\000i\000c\000e\0001\000\040\000a\000p\000p\000l\000i\000c\000a\000t\000i\000o\000n\000.\000p\000r\000o\000p\000e\000r\000t\000i\000e\000s}{}% 95
\BOOKMARK [0][-]{appendix.G}{\376\377\000A\000p\000p\000e\000n\000d\000i\000x\000\040\000G\000:\000\040\000s\000e\000r\000v\000i\000c\000e\0002\000\040\000a\000p\000p\000l\000i\000c\000a\000t\000i\000o\000n\000.\000p\000r\000o\000p\000e\000r\000t\000i\000e\000s}{}% 96
\BOOKMARK [0][-]{appendix.H}{\376\377\000A\000p\000p\000e\000n\000d\000i\000x\000\040\000H\000:\000\040\000s\000e\000r\000v\000i\000c\000e\0002\000\040\000l\000o\000g\000b\000a\000c\000k\000-\000s\000p\000r\000i\000n\000g\000.\000x\000m\000l}{}% 97
\BOOKMARK [0][-]{appendix.I}{\376\377\000A\000p\000p\000e\000n\000d\000i\000x\000\040\000I\000:\000\040\000l\000o\000g\000-\000s\000e\000r\000v\000i\000c\000e\000\040\000a\000p\000p\000l\000i\000c\000a\000t\000i\000o\000n\000.\000p\000r\000o\000p\000e\000r\000t\000i\000e\000s}{}% 98
\BOOKMARK [0][-]{appendix.J}{\376\377\000A\000p\000p\000e\000n\000d\000i\000x\000\040\000J\000:\000\040\000s\000e\000r\000v\000i\000c\000e\0001\000\040\000l\000o\000g\000b\000a\000c\000k\000-\000s\000p\000r\000i\000n\000g\000.\000x\000m\000l}{}% 99
\BOOKMARK [0][-]{appendix*.23}{\376\377\000R\000e\000f\000e\000r\000e\000n\000c\000e\000s}{}% 100
